This is METAFONT, Version 2.718281 (TeX Live 2009/Debian) (base=mf 2011.12.4)  30 JUL 2013 01:01
**\mode:=localfont; mag:=1; input METAFeyn_gg_w
(METAFeyn_gg_w.mf (/usr/share/texmf/metafont/feynmf/feynmf.mf)
:1:\fmfL(76.84792,30.90242,rt){$W^{\pm }$}%
:1:\fmfL(4.98106,-3.45296,rt){$g$}%
:1:\fmfL(4.98106,58.4986,rb){$g$}%
:1:\fmfL(94.99243,-3.45296,lt){$q$}%
:1:\fmfL(104.78583,16.42046,l){$\ell $}%
:1:\fmfL(104.78572,38.62573,l){$\bar {\ell }$}%
:1:\fmfL(94.99243,58.4986,lb){$q$}% [1] ) 
Here is how much of METAFONT's memory you used:
 643 strings out of 5275
 7451 string characters out of 70080
 37483 words of memory out of 3000000
 1378 symbolic tokens out of 9500
 14i,67n,74r,28p,139b stack positions out of 300i,300n,1000r,150p,200000b
 
(You used 2w,2h,1d,1i,0l,0k,0e,0p metric file positions
  out of 256w,16h,16d,64i,15000l,2500k,256e,60p)

Font metrics written on METAFeyn_gg_w.tfm.
Output written on METAFeyn_gg_w.600gf (1 character, 5552 bytes).
